[+] Containers:
 |- [+] Container: /Game/FirstPerson/Maps/FirstPersonMap
 |   |- [+] ActorDescs:
 |   |   |- Guid:06D89F26417171E3F34FB39B34CDAC83 BaseClass: NativeClass:/Script/Engine.StaticMeshActor Name:StaticMeshActor_UAID_1C697ABD42D300D201_1351753929 Label:Box11 SpatiallyLoaded:1 Bounds:IsValid=true, Min=(X=1600.000 Y=1702.500 Z=0.000), Max=(X=1800.000 Y=1717.500 Z=300.000) RuntimeGrid:None EditorOnly:0 RuntimeOnly:0 HLODRelevant:0
 |   |   |- Guid:071D19A546C8580308426B9B5A265C43 BaseClass: NativeClass:/Script/Engine.StaticMeshActor Name:StaticMeshActor_UAID_1C697ABD42D300D201_1995211949 Label:Alarmclock_a SpatiallyLoaded:1 Bounds:IsValid=true, Min=(X=1671.818 Y=1773.445 Z=85.000), Max=(X=1688.182 Y=1786.998 Z=94.098) RuntimeGrid:None EditorOnly:0 RuntimeOnly:0 HLODRelevant:1
 |   |   |- Guid:103CD5A744E8A028345EE2ADDE268003 BaseClass: NativeClass:/Script/Engine.StaticMeshActor Name:StaticMeshActor_UAID_1C697ABD42D300D201_2006025950 Label:PillBottle_b SpatiallyLoaded:1 Bounds:IsValid=true, Min=(X=1926.704 Y=1731.704 Z=39.942), Max=(X=1933.296 Y=1738.296 Z=51.461) RuntimeGrid:None EditorOnly:0 RuntimeOnly:0 HLODRelevant:1
 |   |   |- Guid:124A5ABB4CA3AC65341FD1B0C3E898CB BaseClass: NativeClass:/Script/Engine.StaticMeshActor Name:StaticMeshActor_UAID_1C697ABD42D300D201_2022481953 Label:Pillbox_a SpatiallyLoaded:1 Bounds:IsValid=true, Min=(X=1892.347 Y=1731.981 Z=94.175), Max=(X=1917.701 Y=1747.888 Z=100.172) RuntimeGrid:None EditorOnly:0 RuntimeOnly:0 HLODRelevant:1
 |   |   |- Guid:1C955D6D47EEDE3F4B9E9E8C8E17ED2F BaseClass: NativeClass:/Script/Engine.StaticMeshActor Name:StaticMeshActor_UAID_1C697ABD42D300D201_1351754930 Label:Box12 SpatiallyLoaded:1 Bounds:IsValid=true, Min=(X=1400.000 Y=1702.500 Z=0.000), Max=(X=1600.000 Y=1717.500 Z=300.000) RuntimeGrid:None EditorOnly:0 RuntimeOnly:0 HLODRelevant:0
 |   |   |- Guid:1FABC50644B838FCA6EE6F941B706442 BaseClass: NativeClass:/Script/Engine.StaticMeshActor Name:StaticMeshActor_UAID_1C697ABD3CDA03D201_1211708447 Label:Box13 SpatiallyLoaded:1 Bounds:IsValid=true, Min=(X=1972.500 Y=1900.000 Z=200.000), Max=(X=1987.500 Y=2100.000 Z=300.000) RuntimeGrid:None EditorOnly:0 RuntimeOnly:0 HLODRelevant:0
 |   |   |- Guid:21262252453B37957EF29F82ABA2413B BaseClass: NativeClass:/Script/Engine.TextRenderActor Name:TextRenderActor_1 Label:TextRenderActor SpatiallyLoaded:1 Bounds:IsValid=true, Min=(X=-0.100 Y=1100.000 Z=65.013), Max=(X=-0.100 Y=2363.461 Z=215.013) RuntimeGrid:None EditorOnly:0 RuntimeOnly:0 HLODRelevant:0
 |   |   |- Guid:2959CEC34358B9BD6BA0DCA6A649C409 BaseClass: NativeClass:/Script/Engine.StaticMeshActor Name:StaticMeshActor_UAID_1C697ABD42D300D201_1289199920 Label:Box2 SpatiallyLoaded:1 Bounds:IsValid=true, Min=(X=1972.500 Y=1900.000 Z=0.000), Max=(X=1987.500 Y=2100.000 Z=89.891) RuntimeGrid:None EditorOnly:0 RuntimeOnly:0 HLODRelevant:0
 |   |   |- Guid:2B2FBA8F4FDCD8A8A36E189CFEDEF9B0 BaseClass: NativeClass:/Script/Engine.StaticMeshActor Name:StaticMeshActor_UAID_1C697ABD42D300D201_1674496933 Label:SecretPassageShelf_a SpatiallyLoaded:1 Bounds:IsValid=true, Min=(X=1880.514 Y=1726.836 Z=0.000), Max=(X=1959.486 Y=1753.164 Z=94.198) RuntimeGrid:None EditorOnly:0 RuntimeOnly:0 HLODRelevant:1
 |   |   |- Guid:330DB4CF45BB5C93C9642B90A41D0DD8 BaseClass: NativeClass:/Script/Engine.StaticMeshActor Name:StaticMeshActor_UAID_1C697ABD42D300D201_1748029938 Label:Pillow_a SpatiallyLoaded:1 Bounds:IsValid=true, Min=(X=1752.433 Y=1761.093 Z=53.075), Max=(X=1837.567 Y=1822.327 Z=96.322) RuntimeGrid:None EditorOnly:0 RuntimeOnly:0 HLODRelevant:1
 |   |   |- Guid:347CF65C4AFDAB05B8C442B6A72ED87A BaseClass: NativeClass:/Script/Engine.StaticMeshActor Name:StaticMeshActor_UAID_1C697ABD42D300D201_1726699937 Label:WoodChair_a SpatiallyLoaded:1 Bounds:IsValid=true, Min=(X=1788.950 Y=2098.909 Z=0.297), Max=(X=1873.175 Y=2184.828 Z=115.681) RuntimeGrid:None EditorOnly:0 RuntimeOnly:0 HLODRelevant:1
 |   |   |- Guid:3763165F4E1F5719F737A0A157D764BC BaseClass: NativeClass:/Script/Engine.StaticMeshActor Name:StaticMeshActor_UAID_1C697ABD42D300D201_1311137921 Label:Box3 SpatiallyLoaded:1 Bounds:IsValid=true, Min=(X=1972.500 Y=2100.000 Z=0.000), Max=(X=1987.500 Y=2300.000 Z=300.000) RuntimeGrid:None EditorOnly:0 RuntimeOnly:0 HLODRelevant:0
 |   |   |- Guid:3B3D45BE4D57D6CB648BB68804379792 BaseClass: NativeClass:/Script/Engine.StaticMeshActor Name:StaticMeshActor_UAID_1C697ABD42D300D201_2014529952 Label:PillBottle_a2 SpatiallyLoaded:1 Bounds:IsValid=true, Min=(X=1917.260 Y=1732.262 Z=39.942), Max=(X=1922.759 Y=1737.757 Z=51.488) RuntimeGrid:None EditorOnly:0 RuntimeOnly:0 HLODRelevant:1
 |   |   |- Guid:3F08CD8F4B6A231415885191F66D6294 BaseClass: NativeClass:/Script/Engine.StaticMeshActor Name:StaticMeshActor_UAID_1C697ABD42D300D201_1321939923 Label:Box5 SpatiallyLoaded:1 Bounds:IsValid=true, Min=(X=1402.500 Y=1900.000 Z=0.000), Max=(X=1417.500 Y=2100.000 Z=300.000) RuntimeGrid:None EditorOnly:0 RuntimeOnly:0 HLODRelevant:0
 |   |   |- Guid:47CF9FF1487160B546C9CE8D47409689 BaseClass: NativeClass:/Script/Engine.StaticMeshActor Name:StaticMeshActor_UAID_1C697ABD42D300D201_2012754951 Label:PillBottle_a SpatiallyLoaded:1 Bounds:IsValid=true, Min=(X=1942.260 Y=1737.262 Z=39.942), Max=(X=1947.759 Y=1742.757 Z=51.488) RuntimeGrid:None EditorOnly:0 RuntimeOnly:0 HLODRelevant:1
 |   |   |- Guid:49238C9C4355717426EA36814EEE8C64 BaseClass: NativeClass:/Script/Engine.StaticMeshActor Name:StaticMeshActor_UAID_1C697ABD42D300D201_1321940924 Label:Box6 SpatiallyLoaded:1 Bounds:IsValid=true, Min=(X=1402.500 Y=2100.000 Z=0.000), Max=(X=1417.500 Y=2300.000 Z=300.000) RuntimeGrid:None EditorOnly:0 RuntimeOnly:0 HLODRelevant:0
 |   |   |- Guid:5274961F4C80807A41C8FE947666E45D BaseClass: NativeClass:/Script/Engine.StaticMeshActor Name:StaticMeshActor_UAID_1C697ABD3CDA05D201_1574502801 Label:WindowFrameTheresa_a2 SpatiallyLoaded:1 Bounds:IsValid=true, Min=(X=1966.532 Y=1895.799 Z=89.433), Max=(X=1988.721 Y=1963.883 Z=203.922) RuntimeGrid:None EditorOnly:0 RuntimeOnly:0 HLODRelevant:1
 |   |   |- Guid:58D32EA3456A709492D06596F66F273C BaseClass: NativeClass:/Script/Engine.StaticMeshActor Name:StaticMeshActor_UAID_1C697ABD42D300D201_1962918947 Label:DeskLamp_a SpatiallyLoaded:1 Bounds:IsValid=true, Min=(X=1654.494 Y=1729.494 Z=85.000), Max=(X=1695.506 Y=1770.506 Z=176.829) RuntimeGrid:None EditorOnly:0 RuntimeOnly:0 HLODRelevant:1
 |   |   |- Guid:5B63EB474D93389451FDFAA94A4B7F75 BaseClass: NativeClass:/Script/Engine.StaticMeshActor Name:StaticMeshActor_UAID_1C697ABD3CDA03D201_1234738448 Label:WindowFrameTheresa_a SpatiallyLoaded:1 Bounds:IsValid=true, Min=(X=1966.532 Y=2035.825 Z=89.433), Max=(X=1988.721 Y=2103.909 Z=203.922) RuntimeGrid:None EditorOnly:0 RuntimeOnly:0 HLODRelevant:1
 |   |   |- Guid:5BD2EE904F5C0D496620F8AC56E569D2 BaseClass: NativeClass:/Script/Engine.StaticMeshActor Name:StaticMeshActor_UAID_1C697ABD42D300D201_1231414919 Label:Box SpatiallyLoaded:1 Bounds:IsValid=true, Min=(X=1972.500 Y=1700.000 Z=0.000), Max=(X=1987.500 Y=1900.000 Z=300.000) RuntimeGrid:None EditorOnly:0 RuntimeOnly:0 HLODRelevant:0
 |   |   |- Guid:5BF439DC4E94AB855C055482D5603B4A BaseClass: NativeClass:/Script/Engine.StaticMeshActor Name:StaticMeshActor_UAID_1C697ABD42D300D201_2063240957 Label:BoxCandle4 SpatiallyLoaded:1 Bounds:IsValid=true, Min=(X=1935.544 Y=1740.544 Z=5.000), Max=(X=1944.456 Y=1749.456 Z=17.668) RuntimeGrid:None EditorOnly:0 RuntimeOnly:0 HLODRelevant:1
 |   |   |- Guid:5FE7584649BB6F09265329A6C57CFD0D BaseClass: NativeClass:/Script/Engine.VolumetricCloud Name:VolumetricCloud_0 Label:VolumetricCloud SpatiallyLoaded:0 Bounds:IsValid=true, Min=(X=0.000 Y=0.000 Z=820.000), Max=(X=0.000 Y=0.000 Z=820.000) RuntimeGrid:None EditorOnly:0 RuntimeOnly:0 HLODRelevant:0 FolderPath:Lighting FolderGuid:0BA5F0A04EADB18E70D5B180D08FA34B
 |   |   |- Guid:61391D344900612A77DFC3BA3E354907 BaseClass: NativeClass:/Script/Engine.ExponentialHeightFog Name:ExponentialHeightFog_0 Label:ExponentialHeightFog SpatiallyLoaded:0 Bounds:IsValid=true, Min=(X=-5600.000 Y=-50.000 Z=-6850.000), Max=(X=-5600.000 Y=-50.000 Z=-6850.000) RuntimeGrid:None EditorOnly:0 RuntimeOnly:0 HLODRelevant:0 FolderPath:Lighting FolderGuid:0BA5F0A04EADB18E70D5B180D08FA34B
 |   |   |- Guid:629B70F14430AD7B8A985FA0A6F4BC3D BaseClass: NativeClass:/Script/Engine.StaticMeshActor Name:StaticMeshActor_UAID_1C697ABD42D300D201_1968863948 Label:BirdCageShrine_a2 SpatiallyLoaded:1 Bounds:IsValid=true, Min=(X=1634.607 Y=1738.406 Z=81.601), Max=(X=1659.348 Y=1761.377 Z=91.641) RuntimeGrid:None EditorOnly:0 RuntimeOnly:0 HLODRelevant:1
 |   |   |- Guid:6FEFB3BD4EB37B849EF0D4AC80F83855 BaseClass: NativeClass:/Script/Engine.WorldDataLayers Name:WorldDataLayers Label:WorldDataLayers SpatiallyLoaded:0 Bounds:IsValid=true, Min=(X=0.000 Y=0.000 Z=0.000), Max=(X=0.000 Y=0.000 Z=0.000) RuntimeGrid:None EditorOnly:0 RuntimeOnly:0 HLODRelevant:0
 |   |   |- Guid:75270C84452B67D89F40589B578AD70F BaseClass: NativeClass:/Script/Engine.StaticMeshActor Name:StaticMeshActor_UAID_1C697ABD3CDA05D201_1581040802 Label:Box14 SpatiallyLoaded:1 Bounds:IsValid=true, Min=(X=1972.500 Y=1958.895 Z=90.112), Max=(X=1987.500 Y=2041.105 Z=200.117) RuntimeGrid:None EditorOnly:0 RuntimeOnly:0 HLODRelevant:0
 |   |   |- Guid:78CAF7514C7533F30BD2F19A017AAB65 BaseClass: NativeClass:/Script/Engine.StaticMeshActor Name:StaticMeshActor_0 Label:SM_Cube SpatiallyLoaded:1 Bounds:IsValid=true, Min=(X=1400.000 Y=1620.000 Z=-25.000), Max=(X=2025.000 Y=2370.000 Z=0.000) RuntimeGrid:None EditorOnly:0 RuntimeOnly:0 HLODRelevant:1 FolderPath:Playground FolderGuid:6C02BB504B69D1F3D7A624B130C18E5B
 |   |   |- Guid:80D965C245AD9891BB9D8BB9D6B61E69 BaseClass: NativeClass:/Script/Engine.StaticMeshActor Name:StaticMeshActor_UAID_1C697ABD42D300D201_1351752928 Label:Box10 SpatiallyLoaded:1 Bounds:IsValid=true, Min=(X=1800.000 Y=1702.500 Z=0.000), Max=(X=2000.000 Y=1717.500 Z=300.000) RuntimeGrid:None EditorOnly:0 RuntimeOnly:0 HLODRelevant:0
 |   |   |- Guid:9B5E6E884FD393720044168EB6C6E8CC BaseClass: NativeClass:/Script/Engine.StaticMeshActor Name:StaticMeshActor_UAID_1C697ABD42D300D201_1684034934 Label:Radiator_a SpatiallyLoaded:1 Bounds:IsValid=true, Min=(X=1427.094 Y=2157.360 Z=0.000), Max=(X=1452.891 Y=2244.805 Z=70.051) RuntimeGrid:None EditorOnly:0 RuntimeOnly:0 HLODRelevant:1
 |   |   |- Guid:9F7B84C94CA4B6971B4E4EA9DDFBFD60 BaseClass: NativeClass:/Script/Engine.StaticMeshActor Name:StaticMeshActor_UAID_1C697ABD42D300D201_1877269943 Label:Radiator_a2 SpatiallyLoaded:1 Bounds:IsValid=true, Min=(X=1427.094 Y=2072.360 Z=0.000), Max=(X=1452.891 Y=2159.805 Z=70.051) RuntimeGrid:None EditorOnly:0 RuntimeOnly:0 HLODRelevant:1
 |   |   |- Guid:9FE011304E7DFA2F0531F1A1A11B272A BaseClass: NativeClass:/Script/Engine.StaticMeshActor Name:StaticMeshActor_UAID_1C697ABD42D300D201_1335148926 Label:Box8 SpatiallyLoaded:1 Bounds:IsValid=true, Min=(X=1600.000 Y=2282.500 Z=0.000), Max=(X=1800.000 Y=2297.500 Z=300.000) RuntimeGrid:None EditorOnly:0 RuntimeOnly:0 HLODRelevant:0
 |   |   |- Guid:A354B1B24E617A525DC6B48CCDE2417E BaseClass: NativeClass:/Script/Engine.PlayerStart Name:PlayerStart_0 Label:PlayerStart SpatiallyLoaded:0 Bounds:IsValid=true, Min=(X=1680.000 Y=1940.000 Z=0.013), Max=(X=1760.000 Y=2020.000 Z=184.013) RuntimeGrid:None EditorOnly:0 RuntimeOnly:0 HLODRelevant:0
 |   |   |- Guid:A49B676C43EDB74414214D89768025F6 BaseClass: NativeClass:/Script/Engine.StaticMeshActor Name:StaticMeshActor_UAID_1C697ABD42D300D201_2112511959 Label:BloodPressureCuff_a SpatiallyLoaded:1 Bounds:IsValid=true, Min=(X=1894.524 Y=1727.349 Z=44.737), Max=(X=1941.744 Y=1758.571 Z=51.846) RuntimeGrid:None EditorOnly:0 RuntimeOnly:0 HLODRelevant:1
 |   |   |- Guid:A933B08C41163F75E37EC4B1E34A4EBE BaseClass: NativeClass:/Script/Engine.StaticMeshActor Name:StaticMeshActor_UAID_1C697ABD42D300D201_2062461956 Label:BoxCandle3 SpatiallyLoaded:1 Bounds:IsValid=true, Min=(X=1920.544 Y=1735.544 Z=5.000), Max=(X=1929.456 Y=1744.456 Z=17.668) RuntimeGrid:None EditorOnly:0 RuntimeOnly:0 HLODRelevant:1
 |   |   |- Guid:AE4D45E54D2E25285EB039935127C7C2 BaseClass: NativeClass:/Script/Engine.StaticMeshActor Name:StaticMeshActor_UAID_1C697ABD42D300D201_1646022932 Label:HospitalBed_a SpatiallyLoaded:1 Bounds:IsValid=true, Min=(X=1722.493 Y=1730.221 Z=0.790), Max=(X=1860.063 Y=1956.715 Z=129.547) RuntimeGrid:None EditorOnly:0 RuntimeOnly:0 HLODRelevant:1
 |   |   |- Guid:B93A8F534DCF2E1D3DA13F9A8A293E65 BaseClass: NativeClass:/Script/Engine.StaticMeshActor Name:StaticMeshActor_UAID_1C697ABD42D300D201_1335149927 Label:Box9 SpatiallyLoaded:1 Bounds:IsValid=true, Min=(X=1400.000 Y=2282.500 Z=0.000), Max=(X=1600.000 Y=2297.500 Z=300.000) RuntimeGrid:None EditorOnly:0 RuntimeOnly:0 HLODRelevant:0
 |   |   |- Guid:C0C56B9644AE3D40CAFF6A878DB29844 BaseClass: NativeClass:/Script/Engine.StaticMeshActor Name:StaticMeshActor_UAID_A4AE111137DC5EFB00_2001720423 Label:SM_SkySphere SpatiallyLoaded:0 Bounds:IsValid=true, Min=(X=-1638400.000 Y=-1638400.000 Z=-1638400.000), Max=(X=1638400.000 Y=1638400.000 Z=1638400.000) RuntimeGrid:None EditorOnly:0 RuntimeOnly:0 HLODRelevant:1 FolderPath:Lighting FolderGuid:0BA5F0A04EADB18E70D5B180D08FA34B
 |   |   |- Guid:C22CE07C4B87D685137FDBBC10FC92C6 BaseClass: NativeClass:/Script/Engine.SkyAtmosphere Name:SkyAtmosphere_0 Label:SkyAtmosphere SpatiallyLoaded:0 Bounds:IsValid=true, Min=(X=0.000 Y=0.000 Z=1020.000), Max=(X=0.000 Y=0.000 Z=1020.000) RuntimeGrid:None EditorOnly:0 RuntimeOnly:0 HLODRelevant:0 FolderPath:Lighting FolderGuid:0BA5F0A04EADB18E70D5B180D08FA34B
 |   |   |- Guid:C262D1404C3A740CAF6433885FD2F25C BaseClass: NativeClass:/Script/Engine.StaticMeshActor Name:StaticMeshActor_UAID_1C697ABD42D300D201_1321938922 Label:Box4 SpatiallyLoaded:1 Bounds:IsValid=true, Min=(X=1402.500 Y=1700.000 Z=0.000), Max=(X=1417.500 Y=1900.000 Z=300.000) RuntimeGrid:None EditorOnly:0 RuntimeOnly:0 HLODRelevant:0
 |   |   |- Guid:C79B85A84923FA7C5DEB9FB12F643F6C BaseClass: NativeClass:/Script/Engine.StaticMeshActor Name:StaticMeshActor_UAID_1C697ABD42D300D201_2070527958 Label:DeskLamp_a2 SpatiallyLoaded:1 Bounds:IsValid=true, Min=(X=1919.494 Y=1719.494 Z=95.000), Max=(X=1960.506 Y=1760.506 Z=186.829) RuntimeGrid:None EditorOnly:0 RuntimeOnly:0 HLODRelevant:1
 |   |   |- Guid:CE8D82634660FCDB3120E2B8D547C533 BaseClass: NativeClass:/Script/Engine.PostProcessVolume Name:PostProcessVolume_0 Label:PostProcessVolume SpatiallyLoaded:0 Bounds:IsValid=true, Min=(X=0.000 Y=0.000 Z=400.000), Max=(X=200.000 Y=200.000 Z=600.000) RuntimeGrid:None EditorOnly:0 RuntimeOnly:0 HLODRelevant:0 FolderPath:Lighting FolderGuid:0BA5F0A04EADB18E70D5B180D08FA34B
 |   |   |- Guid:DE31A58A487F623CE825158FA6B322B5 BaseClass: NativeClass:/Script/Engine.StaticMeshActor Name:StaticMeshActor_UAID_1C697ABD42D300D201_1787308939 Label:Armchair_a SpatiallyLoaded:1 Bounds:IsValid=true, Min=(X=1435.163 Y=1744.902 Z=-0.004), Max=(X=1567.213 Y=1877.252 Z=138.941) RuntimeGrid:None EditorOnly:0 RuntimeOnly:0 HLODRelevant:1
 |   |   |- Guid:E3C1AAFB471F988CBAFCE3A2E91EE8A1 BaseClass: NativeClass:/Script/Engine.StaticMeshActor Name:StaticMeshActor_UAID_1C697ABD42D300D201_1707407936 Label:WritingDesk_a SpatiallyLoaded:1 Bounds:IsValid=true, Min=(X=1766.303 Y=2187.504 Z=0.000), Max=(X=1953.697 Y=2268.872 Z=153.173) RuntimeGrid:None EditorOnly:0 RuntimeOnly:0 HLODRelevant:1
 |   |   |- Guid:E5320C1B4FD9764CE7B54D8487AEC613 BaseClass: NativeClass:/Script/Engine.SkyLight Name:SkyLight_0 Label:SkyLight SpatiallyLoaded:0 Bounds:IsValid=true, Min=(X=0.000 Y=0.000 Z=690.000), Max=(X=0.000 Y=0.000 Z=690.000) RuntimeGrid:None EditorOnly:0 RuntimeOnly:0 HLODRelevant:0 FolderPath:Lighting FolderGuid:0BA5F0A04EADB18E70D5B180D08FA34B
 |   |   |- Guid:E59A584647922219BE80779D26D6CE1E BaseClass: NativeClass:/Script/Engine.StaticMeshActor Name:StaticMeshActor_UAID_1C697ABD42D300D201_1335147925 Label:Box7 SpatiallyLoaded:1 Bounds:IsValid=true, Min=(X=1800.000 Y=2282.500 Z=0.000), Max=(X=2000.000 Y=2297.500 Z=300.000) RuntimeGrid:None EditorOnly:0 RuntimeOnly:0 HLODRelevant:0
 |   |   |- Guid:E9A4320C498A2827A2DE48AF29C4DFE6 BaseClass: NativeClass:/Script/Engine.StaticMeshActor Name:StaticMeshActor_UAID_1C697ABD42D300D201_1889521944 Label:Vanity_a SpatiallyLoaded:1 Bounds:IsValid=true, Min=(X=1588.428 Y=1728.889 Z=-5.000), Max=(X=1701.572 Y=1794.995 Z=87.536) RuntimeGrid:None EditorOnly:0 RuntimeOnly:0 HLODRelevant:1
 |   |   |- Guid:EC60ED614E02E7E626CC0FB730C2EDB4 BaseClass: NativeClass:/Script/Engine.StaticMeshActor Name:StaticMeshActor_UAID_1C697ABD42D300D201_1812024941 Label:HospitalBedPillow_a SpatiallyLoaded:1 Bounds:IsValid=true, Min=(X=1739.556 Y=1873.966 Z=57.842), Max=(X=1861.650 Y=1972.874 Z=92.158) RuntimeGrid:None EditorOnly:0 RuntimeOnly:0 HLODRelevant:1
 |   |   |- Guid:EE66F4454A4A9F99393F559AB739C05E BaseClass:/Game/FirstPerson/Blueprints/BP_Pickup_Rifle.BP_Pickup_Rifle_C NativeClass:/Script/Engine.Actor Name:BP_Rifle_C_1 Label:BP_Pickup_Rifle SpatiallyLoaded:1 Bounds:IsValid=true, Min=(X=1378.000 Y=818.000 Z=64.000), Max=(X=1442.000 Y=907.440 Z=128.000) RuntimeGrid:None EditorOnly:0 RuntimeOnly:0 HLODRelevant:0
 |   |   |- Guid:F3EBA44C4A99D1FAF99F58A1ACF3ED97 BaseClass: NativeClass:/Script/Engine.StaticMeshActor Name:StaticMeshActor_UAID_1C697ABD42D300D201_2061684955 Label:BoxCandle2 SpatiallyLoaded:1 Bounds:IsValid=true, Min=(X=1905.544 Y=1740.544 Z=5.000), Max=(X=1914.456 Y=1749.456 Z=17.668) RuntimeGrid:None EditorOnly:0 RuntimeOnly:0 HLODRelevant:1
 |   |   |- Guid:F65186574ADF902BE50624AEAA268430 BaseClass: NativeClass:/Script/Engine.StaticMeshActor Name:StaticMeshActor_UAID_1C697ABD42D300D201_1842432942 Label:Wardrobe_a SpatiallyLoaded:1 Bounds:IsValid=true, Min=(X=1583.527 Y=2204.067 Z=1.962), Max=(X=1696.766 Y=2270.390 Z=220.477) RuntimeGrid:None EditorOnly:0 RuntimeOnly:0 HLODRelevant:1
 |   |   |- Guid:F80621C9446867154938FE81375207DA BaseClass: NativeClass:/Script/Engine.DirectionalLight Name:DirectionalLight_1 Label:DirectionalLight SpatiallyLoaded:0 Bounds:IsValid=true, Min=(X=-1048576.000 Y=-1048576.000 Z=-1048576.000), Max=(X=1048576.000 Y=1048576.000 Z=1048576.000) RuntimeGrid:None EditorOnly:0 RuntimeOnly:0 HLODRelevant:0 FolderPath:Lighting FolderGuid:0BA5F0A04EADB18E70D5B180D08FA34B
 |   |   |- Guid:FA77DE4449A3CC1FE812E695749CE015 BaseClass: NativeClass:/Script/Engine.StaticMeshActor Name:StaticMeshActor_UAID_1C697ABD42D300D201_2060486954 Label:BoxCandle SpatiallyLoaded:1 Bounds:IsValid=true, Min=(X=1895.544 Y=1745.544 Z=5.000), Max=(X=1904.456 Y=1754.456 Z=17.668) RuntimeGrid:None EditorOnly:0 RuntimeOnly:0 HLODRelevant:1
 |   |- [+] Clusters:
 |   |   |- [+] [  0]
 |   |   |   |- Guid:2B2FBA8F4FDCD8A8A36E189CFEDEF9B0 BaseClass: NativeClass:/Script/Engine.StaticMeshActor Name:StaticMeshActor_UAID_1C697ABD42D300D201_1674496933 Label:SecretPassageShelf_a SpatiallyLoaded:1 Bounds:IsValid=true, Min=(X=1880.514 Y=1726.836 Z=0.000), Max=(X=1959.486 Y=1753.164 Z=94.198) RuntimeGrid:None EditorOnly:0 RuntimeOnly:0 HLODRelevant:1
 |   |   |- [+] [  1]
 |   |   |   |- Guid:61391D344900612A77DFC3BA3E354907 BaseClass: NativeClass:/Script/Engine.ExponentialHeightFog Name:ExponentialHeightFog_0 Label:ExponentialHeightFog SpatiallyLoaded:0 Bounds:IsValid=true, Min=(X=-5600.000 Y=-50.000 Z=-6850.000), Max=(X=-5600.000 Y=-50.000 Z=-6850.000) RuntimeGrid:None EditorOnly:0 RuntimeOnly:0 HLODRelevant:0 FolderPath:Lighting FolderGuid:0BA5F0A04EADB18E70D5B180D08FA34B
 |   |   |- [+] [  2]
 |   |   |   |- Guid:5FE7584649BB6F09265329A6C57CFD0D BaseClass: NativeClass:/Script/Engine.VolumetricCloud Name:VolumetricCloud_0 Label:VolumetricCloud SpatiallyLoaded:0 Bounds:IsValid=true, Min=(X=0.000 Y=0.000 Z=820.000), Max=(X=0.000 Y=0.000 Z=820.000) RuntimeGrid:None EditorOnly:0 RuntimeOnly:0 HLODRelevant:0 FolderPath:Lighting FolderGuid:0BA5F0A04EADB18E70D5B180D08FA34B
 |   |   |- [+] [  3]
 |   |   |   |- Guid:103CD5A744E8A028345EE2ADDE268003 BaseClass: NativeClass:/Script/Engine.StaticMeshActor Name:StaticMeshActor_UAID_1C697ABD42D300D201_2006025950 Label:PillBottle_b SpatiallyLoaded:1 Bounds:IsValid=true, Min=(X=1926.704 Y=1731.704 Z=39.942), Max=(X=1933.296 Y=1738.296 Z=51.461) RuntimeGrid:None EditorOnly:0 RuntimeOnly:0 HLODRelevant:1
 |   |   |- [+] [  4]
 |   |   |   |- Guid:F80621C9446867154938FE81375207DA BaseClass: NativeClass:/Script/Engine.DirectionalLight Name:DirectionalLight_1 Label:DirectionalLight SpatiallyLoaded:0 Bounds:IsValid=true, Min=(X=-1048576.000 Y=-1048576.000 Z=-1048576.000), Max=(X=1048576.000 Y=1048576.000 Z=1048576.000) RuntimeGrid:None EditorOnly:0 RuntimeOnly:0 HLODRelevant:0 FolderPath:Lighting FolderGuid:0BA5F0A04EADB18E70D5B180D08FA34B
 |   |   |- [+] [  5]
 |   |   |   |- Guid:347CF65C4AFDAB05B8C442B6A72ED87A BaseClass: NativeClass:/Script/Engine.StaticMeshActor Name:StaticMeshActor_UAID_1C697ABD42D300D201_1726699937 Label:WoodChair_a SpatiallyLoaded:1 Bounds:IsValid=true, Min=(X=1788.950 Y=2098.909 Z=0.297), Max=(X=1873.175 Y=2184.828 Z=115.681) RuntimeGrid:None EditorOnly:0 RuntimeOnly:0 HLODRelevant:1
 |   |   |- [+] [  6]
 |   |   |   |- Guid:47CF9FF1487160B546C9CE8D47409689 BaseClass: NativeClass:/Script/Engine.StaticMeshActor Name:StaticMeshActor_UAID_1C697ABD42D300D201_2012754951 Label:PillBottle_a SpatiallyLoaded:1 Bounds:IsValid=true, Min=(X=1942.260 Y=1737.262 Z=39.942), Max=(X=1947.759 Y=1742.757 Z=51.488) RuntimeGrid:None EditorOnly:0 RuntimeOnly:0 HLODRelevant:1
 |   |   |- [+] [  7]
 |   |   |   |- Guid:21262252453B37957EF29F82ABA2413B BaseClass: NativeClass:/Script/Engine.TextRenderActor Name:TextRenderActor_1 Label:TextRenderActor SpatiallyLoaded:1 Bounds:IsValid=true, Min=(X=-0.100 Y=1100.000 Z=65.013), Max=(X=-0.100 Y=2363.461 Z=215.013) RuntimeGrid:None EditorOnly:0 RuntimeOnly:0 HLODRelevant:0
 |   |   |- [+] [  8]
 |   |   |   |- Guid:AE4D45E54D2E25285EB039935127C7C2 BaseClass: NativeClass:/Script/Engine.StaticMeshActor Name:StaticMeshActor_UAID_1C697ABD42D300D201_1646022932 Label:HospitalBed_a SpatiallyLoaded:1 Bounds:IsValid=true, Min=(X=1722.493 Y=1730.221 Z=0.790), Max=(X=1860.063 Y=1956.715 Z=129.547) RuntimeGrid:None EditorOnly:0 RuntimeOnly:0 HLODRelevant:1
 |   |   |- [+] [  9]
 |   |   |   |- Guid:9B5E6E884FD393720044168EB6C6E8CC BaseClass: NativeClass:/Script/Engine.StaticMeshActor Name:StaticMeshActor_UAID_1C697ABD42D300D201_1684034934 Label:Radiator_a SpatiallyLoaded:1 Bounds:IsValid=true, Min=(X=1427.094 Y=2157.360 Z=0.000), Max=(X=1452.891 Y=2244.805 Z=70.051) RuntimeGrid:None EditorOnly:0 RuntimeOnly:0 HLODRelevant:1
 |   |   |- [+] [ 10]
 |   |   |   |- Guid:80D965C245AD9891BB9D8BB9D6B61E69 BaseClass: NativeClass:/Script/Engine.StaticMeshActor Name:StaticMeshActor_UAID_1C697ABD42D300D201_1351752928 Label:Box10 SpatiallyLoaded:1 Bounds:IsValid=true, Min=(X=1800.000 Y=1702.500 Z=0.000), Max=(X=2000.000 Y=1717.500 Z=300.000) RuntimeGrid:None EditorOnly:0 RuntimeOnly:0 HLODRelevant:0
 |   |   |- [+] [ 11]
 |   |   |   |- Guid:F3EBA44C4A99D1FAF99F58A1ACF3ED97 BaseClass: NativeClass:/Script/Engine.StaticMeshActor Name:StaticMeshActor_UAID_1C697ABD42D300D201_2061684955 Label:BoxCandle2 SpatiallyLoaded:1 Bounds:IsValid=true, Min=(X=1905.544 Y=1740.544 Z=5.000), Max=(X=1914.456 Y=1749.456 Z=17.668) RuntimeGrid:None EditorOnly:0 RuntimeOnly:0 HLODRelevant:1
 |   |   |- [+] [ 12]
 |   |   |   |- Guid:629B70F14430AD7B8A985FA0A6F4BC3D BaseClass: NativeClass:/Script/Engine.StaticMeshActor Name:StaticMeshActor_UAID_1C697ABD42D300D201_1968863948 Label:BirdCageShrine_a2 SpatiallyLoaded:1 Bounds:IsValid=true, Min=(X=1634.607 Y=1738.406 Z=81.601), Max=(X=1659.348 Y=1761.377 Z=91.641) RuntimeGrid:None EditorOnly:0 RuntimeOnly:0 HLODRelevant:1
 |   |   |- [+] [ 13]
 |   |   |   |- Guid:B93A8F534DCF2E1D3DA13F9A8A293E65 BaseClass: NativeClass:/Script/Engine.StaticMeshActor Name:StaticMeshActor_UAID_1C697ABD42D300D201_1335149927 Label:Box9 SpatiallyLoaded:1 Bounds:IsValid=true, Min=(X=1400.000 Y=2282.500 Z=0.000), Max=(X=1600.000 Y=2297.500 Z=300.000) RuntimeGrid:None EditorOnly:0 RuntimeOnly:0 HLODRelevant:0
 |   |   |- [+] [ 14]
 |   |   |   |- Guid:5BF439DC4E94AB855C055482D5603B4A BaseClass: NativeClass:/Script/Engine.StaticMeshActor Name:StaticMeshActor_UAID_1C697ABD42D300D201_2063240957 Label:BoxCandle4 SpatiallyLoaded:1 Bounds:IsValid=true, Min=(X=1935.544 Y=1740.544 Z=5.000), Max=(X=1944.456 Y=1749.456 Z=17.668) RuntimeGrid:None EditorOnly:0 RuntimeOnly:0 HLODRelevant:1
 |   |   |- [+] [ 15]
 |   |   |   |- Guid:DE31A58A487F623CE825158FA6B322B5 BaseClass: NativeClass:/Script/Engine.StaticMeshActor Name:StaticMeshActor_UAID_1C697ABD42D300D201_1787308939 Label:Armchair_a SpatiallyLoaded:1 Bounds:IsValid=true, Min=(X=1435.163 Y=1744.902 Z=-0.004), Max=(X=1567.213 Y=1877.252 Z=138.941) RuntimeGrid:None EditorOnly:0 RuntimeOnly:0 HLODRelevant:1
 |   |   |- [+] [ 16]
 |   |   |   |- Guid:EE66F4454A4A9F99393F559AB739C05E BaseClass:/Game/FirstPerson/Blueprints/BP_Pickup_Rifle.BP_Pickup_Rifle_C NativeClass:/Script/Engine.Actor Name:BP_Rifle_C_1 Label:BP_Pickup_Rifle SpatiallyLoaded:1 Bounds:IsValid=true, Min=(X=1378.000 Y=818.000 Z=64.000), Max=(X=1442.000 Y=907.440 Z=128.000) RuntimeGrid:None EditorOnly:0 RuntimeOnly:0 HLODRelevant:0
 |   |   |- [+] [ 17]
 |   |   |   |- Guid:5BD2EE904F5C0D496620F8AC56E569D2 BaseClass: NativeClass:/Script/Engine.StaticMeshActor Name:StaticMeshActor_UAID_1C697ABD42D300D201_1231414919 Label:Box SpatiallyLoaded:1 Bounds:IsValid=true, Min=(X=1972.500 Y=1700.000 Z=0.000), Max=(X=1987.500 Y=1900.000 Z=300.000) RuntimeGrid:None EditorOnly:0 RuntimeOnly:0 HLODRelevant:0
 |   |   |- [+] [ 18]
 |   |   |   |- Guid:9F7B84C94CA4B6971B4E4EA9DDFBFD60 BaseClass: NativeClass:/Script/Engine.StaticMeshActor Name:StaticMeshActor_UAID_1C697ABD42D300D201_1877269943 Label:Radiator_a2 SpatiallyLoaded:1 Bounds:IsValid=true, Min=(X=1427.094 Y=2072.360 Z=0.000), Max=(X=1452.891 Y=2159.805 Z=70.051) RuntimeGrid:None EditorOnly:0 RuntimeOnly:0 HLODRelevant:1
 |   |   |- [+] [ 19]
 |   |   |   |- Guid:06D89F26417171E3F34FB39B34CDAC83 BaseClass: NativeClass:/Script/Engine.StaticMeshActor Name:StaticMeshActor_UAID_1C697ABD42D300D201_1351753929 Label:Box11 SpatiallyLoaded:1 Bounds:IsValid=true, Min=(X=1600.000 Y=1702.500 Z=0.000), Max=(X=1800.000 Y=1717.500 Z=300.000) RuntimeGrid:None EditorOnly:0 RuntimeOnly:0 HLODRelevant:0
 |   |   |- [+] [ 20]
 |   |   |   |- Guid:58D32EA3456A709492D06596F66F273C BaseClass: NativeClass:/Script/Engine.StaticMeshActor Name:StaticMeshActor_UAID_1C697ABD42D300D201_1962918947 Label:DeskLamp_a SpatiallyLoaded:1 Bounds:IsValid=true, Min=(X=1654.494 Y=1729.494 Z=85.000), Max=(X=1695.506 Y=1770.506 Z=176.829) RuntimeGrid:None EditorOnly:0 RuntimeOnly:0 HLODRelevant:1
 |   |   |- [+] [ 21]
 |   |   |   |- Guid:E5320C1B4FD9764CE7B54D8487AEC613 BaseClass: NativeClass:/Script/Engine.SkyLight Name:SkyLight_0 Label:SkyLight SpatiallyLoaded:0 Bounds:IsValid=true, Min=(X=0.000 Y=0.000 Z=690.000), Max=(X=0.000 Y=0.000 Z=690.000) RuntimeGrid:None EditorOnly:0 RuntimeOnly:0 HLODRelevant:0 FolderPath:Lighting FolderGuid:0BA5F0A04EADB18E70D5B180D08FA34B
 |   |   |- [+] [ 22]
 |   |   |   |- Guid:3F08CD8F4B6A231415885191F66D6294 BaseClass: NativeClass:/Script/Engine.StaticMeshActor Name:StaticMeshActor_UAID_1C697ABD42D300D201_1321939923 Label:Box5 SpatiallyLoaded:1 Bounds:IsValid=true, Min=(X=1402.500 Y=1900.000 Z=0.000), Max=(X=1417.500 Y=2100.000 Z=300.000) RuntimeGrid:None EditorOnly:0 RuntimeOnly:0 HLODRelevant:0
 |   |   |- [+] [ 23]
 |   |   |   |- Guid:330DB4CF45BB5C93C9642B90A41D0DD8 BaseClass: NativeClass:/Script/Engine.StaticMeshActor Name:StaticMeshActor_UAID_1C697ABD42D300D201_1748029938 Label:Pillow_a SpatiallyLoaded:1 Bounds:IsValid=true, Min=(X=1752.433 Y=1761.093 Z=53.075), Max=(X=1837.567 Y=1822.327 Z=96.322) RuntimeGrid:None EditorOnly:0 RuntimeOnly:0 HLODRelevant:1
 |   |   |- [+] [ 24]
 |   |   |   |- Guid:3B3D45BE4D57D6CB648BB68804379792 BaseClass: NativeClass:/Script/Engine.StaticMeshActor Name:StaticMeshActor_UAID_1C697ABD42D300D201_2014529952 Label:PillBottle_a2 SpatiallyLoaded:1 Bounds:IsValid=true, Min=(X=1917.260 Y=1732.262 Z=39.942), Max=(X=1922.759 Y=1737.757 Z=51.488) RuntimeGrid:None EditorOnly:0 RuntimeOnly:0 HLODRelevant:1
 |   |   |- [+] [ 25]
 |   |   |   |- Guid:071D19A546C8580308426B9B5A265C43 BaseClass: NativeClass:/Script/Engine.StaticMeshActor Name:StaticMeshActor_UAID_1C697ABD42D300D201_1995211949 Label:Alarmclock_a SpatiallyLoaded:1 Bounds:IsValid=true, Min=(X=1671.818 Y=1773.445 Z=85.000), Max=(X=1688.182 Y=1786.998 Z=94.098) RuntimeGrid:None EditorOnly:0 RuntimeOnly:0 HLODRelevant:1
 |   |   |- [+] [ 26]
 |   |   |   |- Guid:2959CEC34358B9BD6BA0DCA6A649C409 BaseClass: NativeClass:/Script/Engine.StaticMeshActor Name:StaticMeshActor_UAID_1C697ABD42D300D201_1289199920 Label:Box2 SpatiallyLoaded:1 Bounds:IsValid=true, Min=(X=1972.500 Y=1900.000 Z=0.000), Max=(X=1987.500 Y=2100.000 Z=89.891) RuntimeGrid:None EditorOnly:0 RuntimeOnly:0 HLODRelevant:0
 |   |   |- [+] [ 27]
 |   |   |   |- Guid:78CAF7514C7533F30BD2F19A017AAB65 BaseClass: NativeClass:/Script/Engine.StaticMeshActor Name:StaticMeshActor_0 Label:SM_Cube SpatiallyLoaded:1 Bounds:IsValid=true, Min=(X=1400.000 Y=1620.000 Z=-25.000), Max=(X=2025.000 Y=2370.000 Z=0.000) RuntimeGrid:None EditorOnly:0 RuntimeOnly:0 HLODRelevant:1 FolderPath:Playground FolderGuid:6C02BB504B69D1F3D7A624B130C18E5B
 |   |   |- [+] [ 28]
 |   |   |   |- Guid:A354B1B24E617A525DC6B48CCDE2417E BaseClass: NativeClass:/Script/Engine.PlayerStart Name:PlayerStart_0 Label:PlayerStart SpatiallyLoaded:0 Bounds:IsValid=true, Min=(X=1680.000 Y=1940.000 Z=0.013), Max=(X=1760.000 Y=2020.000 Z=184.013) RuntimeGrid:None EditorOnly:0 RuntimeOnly:0 HLODRelevant:0
 |   |   |- [+] [ 29]
 |   |   |   |- Guid:E59A584647922219BE80779D26D6CE1E BaseClass: NativeClass:/Script/Engine.StaticMeshActor Name:StaticMeshActor_UAID_1C697ABD42D300D201_1335147925 Label:Box7 SpatiallyLoaded:1 Bounds:IsValid=true, Min=(X=1800.000 Y=2282.500 Z=0.000), Max=(X=2000.000 Y=2297.500 Z=300.000) RuntimeGrid:None EditorOnly:0 RuntimeOnly:0 HLODRelevant:0
 |   |   |- [+] [ 30]
 |   |   |   |- Guid:C262D1404C3A740CAF6433885FD2F25C BaseClass: NativeClass:/Script/Engine.StaticMeshActor Name:StaticMeshActor_UAID_1C697ABD42D300D201_1321938922 Label:Box4 SpatiallyLoaded:1 Bounds:IsValid=true, Min=(X=1402.500 Y=1700.000 Z=0.000), Max=(X=1417.500 Y=1900.000 Z=300.000) RuntimeGrid:None EditorOnly:0 RuntimeOnly:0 HLODRelevant:0
 |   |   |- [+] [ 31]
 |   |   |   |- Guid:F65186574ADF902BE50624AEAA268430 BaseClass: NativeClass:/Script/Engine.StaticMeshActor Name:StaticMeshActor_UAID_1C697ABD42D300D201_1842432942 Label:Wardrobe_a SpatiallyLoaded:1 Bounds:IsValid=true, Min=(X=1583.527 Y=2204.067 Z=1.962), Max=(X=1696.766 Y=2270.390 Z=220.477) RuntimeGrid:None EditorOnly:0 RuntimeOnly:0 HLODRelevant:1
 |   |   |- [+] [ 32]
 |   |   |   |- Guid:9FE011304E7DFA2F0531F1A1A11B272A BaseClass: NativeClass:/Script/Engine.StaticMeshActor Name:StaticMeshActor_UAID_1C697ABD42D300D201_1335148926 Label:Box8 SpatiallyLoaded:1 Bounds:IsValid=true, Min=(X=1600.000 Y=2282.500 Z=0.000), Max=(X=1800.000 Y=2297.500 Z=300.000) RuntimeGrid:None EditorOnly:0 RuntimeOnly:0 HLODRelevant:0
 |   |   |- [+] [ 33]
 |   |   |   |- Guid:3763165F4E1F5719F737A0A157D764BC BaseClass: NativeClass:/Script/Engine.StaticMeshActor Name:StaticMeshActor_UAID_1C697ABD42D300D201_1311137921 Label:Box3 SpatiallyLoaded:1 Bounds:IsValid=true, Min=(X=1972.500 Y=2100.000 Z=0.000), Max=(X=1987.500 Y=2300.000 Z=300.000) RuntimeGrid:None EditorOnly:0 RuntimeOnly:0 HLODRelevant:0
 |   |   |- [+] [ 34]
 |   |   |   |- Guid:A49B676C43EDB74414214D89768025F6 BaseClass: NativeClass:/Script/Engine.StaticMeshActor Name:StaticMeshActor_UAID_1C697ABD42D300D201_2112511959 Label:BloodPressureCuff_a SpatiallyLoaded:1 Bounds:IsValid=true, Min=(X=1894.524 Y=1727.349 Z=44.737), Max=(X=1941.744 Y=1758.571 Z=51.846) RuntimeGrid:None EditorOnly:0 RuntimeOnly:0 HLODRelevant:1
 |   |   |- [+] [ 35]
 |   |   |   |- Guid:49238C9C4355717426EA36814EEE8C64 BaseClass: NativeClass:/Script/Engine.StaticMeshActor Name:StaticMeshActor_UAID_1C697ABD42D300D201_1321940924 Label:Box6 SpatiallyLoaded:1 Bounds:IsValid=true, Min=(X=1402.500 Y=2100.000 Z=0.000), Max=(X=1417.500 Y=2300.000 Z=300.000) RuntimeGrid:None EditorOnly:0 RuntimeOnly:0 HLODRelevant:0
 |   |   |- [+] [ 36]
 |   |   |   |- Guid:1C955D6D47EEDE3F4B9E9E8C8E17ED2F BaseClass: NativeClass:/Script/Engine.StaticMeshActor Name:StaticMeshActor_UAID_1C697ABD42D300D201_1351754930 Label:Box12 SpatiallyLoaded:1 Bounds:IsValid=true, Min=(X=1400.000 Y=1702.500 Z=0.000), Max=(X=1600.000 Y=1717.500 Z=300.000) RuntimeGrid:None EditorOnly:0 RuntimeOnly:0 HLODRelevant:0
 |   |   |- [+] [ 37]
 |   |   |   |- Guid:1FABC50644B838FCA6EE6F941B706442 BaseClass: NativeClass:/Script/Engine.StaticMeshActor Name:StaticMeshActor_UAID_1C697ABD3CDA03D201_1211708447 Label:Box13 SpatiallyLoaded:1 Bounds:IsValid=true, Min=(X=1972.500 Y=1900.000 Z=200.000), Max=(X=1987.500 Y=2100.000 Z=300.000) RuntimeGrid:None EditorOnly:0 RuntimeOnly:0 HLODRelevant:0
 |   |   |- [+] [ 38]
 |   |   |   |- Guid:C22CE07C4B87D685137FDBBC10FC92C6 BaseClass: NativeClass:/Script/Engine.SkyAtmosphere Name:SkyAtmosphere_0 Label:SkyAtmosphere SpatiallyLoaded:0 Bounds:IsValid=true, Min=(X=0.000 Y=0.000 Z=1020.000), Max=(X=0.000 Y=0.000 Z=1020.000) RuntimeGrid:None EditorOnly:0 RuntimeOnly:0 HLODRelevant:0 FolderPath:Lighting FolderGuid:0BA5F0A04EADB18E70D5B180D08FA34B
 |   |   |- [+] [ 39]
 |   |   |   |- Guid:124A5ABB4CA3AC65341FD1B0C3E898CB BaseClass: NativeClass:/Script/Engine.StaticMeshActor Name:StaticMeshActor_UAID_1C697ABD42D300D201_2022481953 Label:Pillbox_a SpatiallyLoaded:1 Bounds:IsValid=true, Min=(X=1892.347 Y=1731.981 Z=94.175), Max=(X=1917.701 Y=1747.888 Z=100.172) RuntimeGrid:None EditorOnly:0 RuntimeOnly:0 HLODRelevant:1
 |   |   |- [+] [ 40]
 |   |   |   |- Guid:C0C56B9644AE3D40CAFF6A878DB29844 BaseClass: NativeClass:/Script/Engine.StaticMeshActor Name:StaticMeshActor_UAID_A4AE111137DC5EFB00_2001720423 Label:SM_SkySphere SpatiallyLoaded:0 Bounds:IsValid=true, Min=(X=-1638400.000 Y=-1638400.000 Z=-1638400.000), Max=(X=1638400.000 Y=1638400.000 Z=1638400.000) RuntimeGrid:None EditorOnly:0 RuntimeOnly:0 HLODRelevant:1 FolderPath:Lighting FolderGuid:0BA5F0A04EADB18E70D5B180D08FA34B
 |   |   |- [+] [ 41]
 |   |   |   |- Guid:EC60ED614E02E7E626CC0FB730C2EDB4 BaseClass: NativeClass:/Script/Engine.StaticMeshActor Name:StaticMeshActor_UAID_1C697ABD42D300D201_1812024941 Label:HospitalBedPillow_a SpatiallyLoaded:1 Bounds:IsValid=true, Min=(X=1739.556 Y=1873.966 Z=57.842), Max=(X=1861.650 Y=1972.874 Z=92.158) RuntimeGrid:None EditorOnly:0 RuntimeOnly:0 HLODRelevant:1
 |   |   |- [+] [ 42]
 |   |   |   |- Guid:6FEFB3BD4EB37B849EF0D4AC80F83855 BaseClass: NativeClass:/Script/Engine.WorldDataLayers Name:WorldDataLayers Label:WorldDataLayers SpatiallyLoaded:0 Bounds:IsValid=true, Min=(X=0.000 Y=0.000 Z=0.000), Max=(X=0.000 Y=0.000 Z=0.000) RuntimeGrid:None EditorOnly:0 RuntimeOnly:0 HLODRelevant:0
 |   |   |- [+] [ 43]
 |   |   |   |- Guid:E9A4320C498A2827A2DE48AF29C4DFE6 BaseClass: NativeClass:/Script/Engine.StaticMeshActor Name:StaticMeshActor_UAID_1C697ABD42D300D201_1889521944 Label:Vanity_a SpatiallyLoaded:1 Bounds:IsValid=true, Min=(X=1588.428 Y=1728.889 Z=-5.000), Max=(X=1701.572 Y=1794.995 Z=87.536) RuntimeGrid:None EditorOnly:0 RuntimeOnly:0 HLODRelevant:1
 |   |   |- [+] [ 44]
 |   |   |   |- Guid:C79B85A84923FA7C5DEB9FB12F643F6C BaseClass: NativeClass:/Script/Engine.StaticMeshActor Name:StaticMeshActor_UAID_1C697ABD42D300D201_2070527958 Label:DeskLamp_a2 SpatiallyLoaded:1 Bounds:IsValid=true, Min=(X=1919.494 Y=1719.494 Z=95.000), Max=(X=1960.506 Y=1760.506 Z=186.829) RuntimeGrid:None EditorOnly:0 RuntimeOnly:0 HLODRelevant:1
 |   |   |- [+] [ 45]
 |   |   |   |- Guid:FA77DE4449A3CC1FE812E695749CE015 BaseClass: NativeClass:/Script/Engine.StaticMeshActor Name:StaticMeshActor_UAID_1C697ABD42D300D201_2060486954 Label:BoxCandle SpatiallyLoaded:1 Bounds:IsValid=true, Min=(X=1895.544 Y=1745.544 Z=5.000), Max=(X=1904.456 Y=1754.456 Z=17.668) RuntimeGrid:None EditorOnly:0 RuntimeOnly:0 HLODRelevant:1
 |   |   |- [+] [ 46]
 |   |   |   |- Guid:E3C1AAFB471F988CBAFCE3A2E91EE8A1 BaseClass: NativeClass:/Script/Engine.StaticMeshActor Name:StaticMeshActor_UAID_1C697ABD42D300D201_1707407936 Label:WritingDesk_a SpatiallyLoaded:1 Bounds:IsValid=true, Min=(X=1766.303 Y=2187.504 Z=0.000), Max=(X=1953.697 Y=2268.872 Z=153.173) RuntimeGrid:None EditorOnly:0 RuntimeOnly:0 HLODRelevant:1
 |   |   |- [+] [ 47]
 |   |   |   |- Guid:A933B08C41163F75E37EC4B1E34A4EBE BaseClass: NativeClass:/Script/Engine.StaticMeshActor Name:StaticMeshActor_UAID_1C697ABD42D300D201_2062461956 Label:BoxCandle3 SpatiallyLoaded:1 Bounds:IsValid=true, Min=(X=1920.544 Y=1735.544 Z=5.000), Max=(X=1929.456 Y=1744.456 Z=17.668) RuntimeGrid:None EditorOnly:0 RuntimeOnly:0 HLODRelevant:1
 |   |   |- [+] [ 48]
 |   |   |   |- Guid:CE8D82634660FCDB3120E2B8D547C533 BaseClass: NativeClass:/Script/Engine.PostProcessVolume Name:PostProcessVolume_0 Label:PostProcessVolume SpatiallyLoaded:0 Bounds:IsValid=true, Min=(X=0.000 Y=0.000 Z=400.000), Max=(X=200.000 Y=200.000 Z=600.000) RuntimeGrid:None EditorOnly:0 RuntimeOnly:0 HLODRelevant:0 FolderPath:Lighting FolderGuid:0BA5F0A04EADB18E70D5B180D08FA34B
 |   |   |- [+] [ 49]
 |   |   |   |- Guid:5B63EB474D93389451FDFAA94A4B7F75 BaseClass: NativeClass:/Script/Engine.StaticMeshActor Name:StaticMeshActor_UAID_1C697ABD3CDA03D201_1234738448 Label:WindowFrameTheresa_a SpatiallyLoaded:1 Bounds:IsValid=true, Min=(X=1966.532 Y=2035.825 Z=89.433), Max=(X=1988.721 Y=2103.909 Z=203.922) RuntimeGrid:None EditorOnly:0 RuntimeOnly:0 HLODRelevant:1
 |   |   |- [+] [ 50]
 |   |   |   |- Guid:5274961F4C80807A41C8FE947666E45D BaseClass: NativeClass:/Script/Engine.StaticMeshActor Name:StaticMeshActor_UAID_1C697ABD3CDA05D201_1574502801 Label:WindowFrameTheresa_a2 SpatiallyLoaded:1 Bounds:IsValid=true, Min=(X=1966.532 Y=1895.799 Z=89.433), Max=(X=1988.721 Y=1963.883 Z=203.922) RuntimeGrid:None EditorOnly:0 RuntimeOnly:0 HLODRelevant:1
 |   |   |- [+] [ 51]
 |   |   |   |- Guid:75270C84452B67D89F40589B578AD70F BaseClass: NativeClass:/Script/Engine.StaticMeshActor Name:StaticMeshActor_UAID_1C697ABD3CDA05D201_1581040802 Label:Box14 SpatiallyLoaded:1 Bounds:IsValid=true, Min=(X=1972.500 Y=1958.895 Z=90.112), Max=(X=1987.500 Y=2041.105 Z=200.117) RuntimeGrid:None EditorOnly:0 RuntimeOnly:0 HLODRelevant:0
 |- ContainerInstances:
 |- [+] MainContainer:
 |   |-        ID: 0x0000000000000000
 |   |-    Bounds: IsValid=false, Min=(X=0.000 Y=0.000 Z=0.000), Max=(X=0.000 Y=0.000 Z=0.000)
 |   |- Transform: 0.000000,0.000000,0.000000|0.000000,0.000000,-0.000000|1.000000,1.000000,1.000000
 |   |- Container: /Game/FirstPerson/Maps/FirstPersonMap
----------------------------------------------------------------------------------------------------------------
FirstPersonMap - Persistent Level
----------------------------------------------------------------------------------------------------------------
Always loaded Actor Count: 61 

----------------------------------------------------------------------------------------------------------------
FirstPersonMap - Runtime Spatial Hash - Streaming Grid - MainGrid
----------------------------------------------------------------------------------------------------------------
            Origin: X=0.000 Y=0.000 Z=0.000
         Cell Size: 12800
      World Bounds: IsValid=false, Min=(X=0.000 Y=0.000 Z=0.000), Max=(X=0.000 Y=0.000 Z=0.000)
     Loading Range: 25600.00
Block Slow Loading: No
 ClientOnlyVisible: No

[+] Grid Levels: 1
 |- Level  0: Cell Count    0 | Cell Size   12800 | Actor Count    0 (0.0%)

[+] Content of Grid Level 0

